0 info it worked if it ends with ok
1 verbose cli [ '/usr/local/Cellar/node/7.4.0/bin/node',
1 verbose cli   '/usr/local/bin/npm',
1 verbose cli   'install',
1 verbose cli   '--python=/usr/bin/python2.7' ]
2 info using npm@4.0.5
3 info using node@v7.4.0
4 silly loadCurrentTree Starting
5 silly install loadCurrentTree
6 silly install readLocalPackageData
7 silly install normalizeTree
8 silly loadCurrentTree Finishing
9 silly loadIdealTree Starting
10 silly install loadIdealTree
11 silly cloneCurrentTree Starting
12 silly install cloneCurrentTreeToIdealTree
13 silly cloneCurrentTree Finishing
14 silly loadShrinkwrap Starting
15 silly install loadShrinkwrap
16 silly loadShrinkwrap Finishing
17 silly loadAllDepsIntoIdealTree Starting
18 silly install loadAllDepsIntoIdealTree
19 silly loadAllDepsIntoIdealTree Finishing
20 silly loadIdealTree Finishing
21 silly currentTree j2@0.0.1
22 silly idealTree j2@0.0.1
23 silly generateActionsToTake Starting
24 silly install generateActionsToTake
25 silly generateActionsToTake Finishing
26 silly diffTrees action count 0
27 silly decomposeActions action count 0
28 silly runTopLevelLifecycles Starting
29 silly install runPreinstallTopLevelLifecycles
30 silly preinstall j2@0.0.1
31 info lifecycle j2@0.0.1~preinstall: j2@0.0.1
32 silly lifecycle j2@0.0.1~preinstall: no script for preinstall, continuing
33 silly executeActions Starting
34 silly install executeActions
35 silly doSerial global-install 0
36 silly doParallel fetch 0
37 verbose correctMkdir /Users/irwin/.npm/_locks correctMkdir not in flight; initializing
38 verbose lock using /Users/irwin/.npm/_locks/staging-7e8c6f0856c61ec6.lock for /Users/irwin/git/j2/node_modules/.staging
39 silly doParallel extract 0
40 silly doParallel preinstall 0
41 silly doReverseSerial remove 0
42 silly doSerial move 0
43 silly doSerial finalize 0
44 silly doSerial build 0
45 silly doSerial global-link 0
46 silly doParallel update-linked 0
47 silly doSerial install 0
48 silly doSerial postinstall 0
49 verbose unlock done using /Users/irwin/.npm/_locks/staging-7e8c6f0856c61ec6.lock for /Users/irwin/git/j2/node_modules/.staging
50 silly executeActions Finishing
51 silly rollbackFailedOptional Starting
52 silly rollbackFailedOptional Finishing
53 silly install runPostinstallTopLevelLifecycles
54 silly build j2@0.0.1
55 info linkStuff j2@0.0.1
56 silly linkStuff j2@0.0.1 has /Users/irwin/git as its parent node_modules
57 verbose linkBins j2@0.0.1
58 verbose linkMans j2@0.0.1
59 silly install j2@0.0.1
60 info lifecycle j2@0.0.1~install: j2@0.0.1
61 verbose lifecycle j2@0.0.1~install: unsafe-perm in lifecycle true
62 verbose lifecycle j2@0.0.1~install: PATH: /usr/local/lib/node_modules/npm/bin/node-gyp-bin:/Users/irwin/git/j2/node_modules/.bin:/Users/irwin/anaconda3/bin:/usr/local/bin:/usr/bin:/bin:/usr/sbin:/sbin:/opt/X11/bin
63 verbose lifecycle j2@0.0.1~install: CWD: /Users/irwin/git/j2
64 silly lifecycle j2@0.0.1~install: Args: [ '-c', 'node-gyp rebuild' ]
65 silly lifecycle j2@0.0.1~install: Returned: code: 1  signal: null
66 info lifecycle j2@0.0.1~install: Failed to exec install script
67 warn j2@0.0.1 No description
68 verbose If you need help, you may report this error at:
68 verbose     <https://github.com/npm/npm/issues>
69 verbose stack Error: j2@0.0.1 install: `node-gyp rebuild`
69 verbose stack Exit status 1
69 verbose stack     at EventEmitter.<anonymous> (/usr/local/lib/node_modules/npm/lib/utils/lifecycle.js:279:16)
69 verbose stack     at emitTwo (events.js:106:13)
69 verbose stack     at EventEmitter.emit (events.js:191:7)
69 verbose stack     at ChildProcess.<anonymous> (/usr/local/lib/node_modules/npm/lib/utils/spawn.js:40:14)
69 verbose stack     at emitTwo (events.js:106:13)
69 verbose stack     at ChildProcess.emit (events.js:191:7)
69 verbose stack     at maybeClose (internal/child_process.js:885:16)
69 verbose stack     at Process.ChildProcess._handle.onexit (internal/child_process.js:226:5)
70 verbose pkgid j2@0.0.1
71 verbose cwd /Users/irwin/git/j2
72 error Darwin 16.4.0
73 error argv "/usr/local/Cellar/node/7.4.0/bin/node" "/usr/local/bin/npm" "install" "--python=/usr/bin/python2.7"
74 error node v7.4.0
75 error npm  v4.0.5
76 error code ELIFECYCLE
77 error j2@0.0.1 install: `node-gyp rebuild`
77 error Exit status 1
78 error Failed at the j2@0.0.1 install script 'node-gyp rebuild'.
78 error Make sure you have the latest version of node.js and npm installed.
78 error If you do, this is most likely a problem with the j2 package,
78 error not with npm itself.
78 error Tell the author that this fails on your system:
78 error     node-gyp rebuild
78 error You can get information on how to open an issue for this project with:
78 error     npm bugs j2
78 error Or if that isn't available, you can get their info via:
78 error     npm owner ls j2
78 error There is likely additional logging output above.
79 verbose exit [ 1, true ]
